/data1/anaconda3/lib/python3.6/site-packages/tensorboard/compat/tensorflow_stub/dtypes.py:541: FutureWarning: Passing (type, 1) or '1type' as a synonym of type is deprecated; in a future version of numpy, it will be understood as (type, (1,)) / '(1,)type'.
  _np_qint8 = np.dtype([("qint8", np.int8, 1)])
/data1/anaconda3/lib/python3.6/site-packages/tensorboard/compat/tensorflow_stub/dtypes.py:542: FutureWarning: Passing (type, 1) or '1type' as a synonym of type is deprecated; in a future version of numpy, it will be understood as (type, (1,)) / '(1,)type'.
  _np_quint8 = np.dtype([("quint8", np.uint8, 1)])
/data1/anaconda3/lib/python3.6/site-packages/tensorboard/compat/tensorflow_stub/dtypes.py:543: FutureWarning: Passing (type, 1) or '1type' as a synonym of type is deprecated; in a future version of numpy, it will be understood as (type, (1,)) / '(1,)type'.
  _np_qint16 = np.dtype([("qint16", np.int16, 1)])
/data1/anaconda3/lib/python3.6/site-packages/tensorboard/compat/tensorflow_stub/dtypes.py:544: FutureWarning: Passing (type, 1) or '1type' as a synonym of type is deprecated; in a future version of numpy, it will be understood as (type, (1,)) / '(1,)type'.
  _np_quint16 = np.dtype([("quint16", np.uint16, 1)])
/data1/anaconda3/lib/python3.6/site-packages/tensorboard/compat/tensorflow_stub/dtypes.py:545: FutureWarning: Passing (type, 1) or '1type' as a synonym of type is deprecated; in a future version of numpy, it will be understood as (type, (1,)) / '(1,)type'.
  _np_qint32 = np.dtype([("qint32", np.int32, 1)])
/data1/anaconda3/lib/python3.6/site-packages/tensorboard/compat/tensorflow_stub/dtypes.py:550: FutureWarning: Passing (type, 1) or '1type' as a synonym of type is deprecated; in a future version of numpy, it will be understood as (type, (1,)) / '(1,)type'.
  np_resource = np.dtype([("resource", np.ubyte, 1)])
11/05/2020 16:20:35-WARNING-root- Process rank: -1,device: cuda ,n_gpus: 10,distributed training: False,16-bits training: False
Traceback (most recent call last):
  File "run_ner_crf.py", line 566, in <module>
    main()
  File "run_ner_crf.py", line 450, in main
    raise ValueError("Task not found: %s" %(args.task_name))
ValueError: Task not found: mininglamp
/data1/anaconda3/lib/python3.6/site-packages/tensorboard/compat/tensorflow_stub/dtypes.py:541: FutureWarning: Passing (type, 1) or '1type' as a synonym of type is deprecated; in a future version of numpy, it will be understood as (type, (1,)) / '(1,)type'.
  _np_qint8 = np.dtype([("qint8", np.int8, 1)])
/data1/anaconda3/lib/python3.6/site-packages/tensorboard/compat/tensorflow_stub/dtypes.py:542: FutureWarning: Passing (type, 1) or '1type' as a synonym of type is deprecated; in a future version of numpy, it will be understood as (type, (1,)) / '(1,)type'.
  _np_quint8 = np.dtype([("quint8", np.uint8, 1)])
/data1/anaconda3/lib/python3.6/site-packages/tensorboard/compat/tensorflow_stub/dtypes.py:543: FutureWarning: Passing (type, 1) or '1type' as a synonym of type is deprecated; in a future version of numpy, it will be understood as (type, (1,)) / '(1,)type'.
  _np_qint16 = np.dtype([("qint16", np.int16, 1)])
/data1/anaconda3/lib/python3.6/site-packages/tensorboard/compat/tensorflow_stub/dtypes.py:544: FutureWarning: Passing (type, 1) or '1type' as a synonym of type is deprecated; in a future version of numpy, it will be understood as (type, (1,)) / '(1,)type'.
  _np_quint16 = np.dtype([("quint16", np.uint16, 1)])
/data1/anaconda3/lib/python3.6/site-packages/tensorboard/compat/tensorflow_stub/dtypes.py:545: FutureWarning: Passing (type, 1) or '1type' as a synonym of type is deprecated; in a future version of numpy, it will be understood as (type, (1,)) / '(1,)type'.
  _np_qint32 = np.dtype([("qint32", np.int32, 1)])
/data1/anaconda3/lib/python3.6/site-packages/tensorboard/compat/tensorflow_stub/dtypes.py:550: FutureWarning: Passing (type, 1) or '1type' as a synonym of type is deprecated; in a future version of numpy, it will be understood as (type, (1,)) / '(1,)type'.
  np_resource = np.dtype([("resource", np.ubyte, 1)])
11/05/2020 16:21:51-WARNING-root- Process rank: -1,device: cuda ,n_gpus: 10,distributed training: False,16-bits training: False
Calling CNerTokenizer.from_pretrained() with the path to a single file or url is deprecated
Traceback (most recent call last):
  File "run_ner_crf.py", line 566, in <module>
    main()
  File "run_ner_crf.py", line 471, in main
    do_lower_case=args.do_lower_case,cache_dir=args.cache_dir if args.cache_dir else None
  File "/data1/anaconda3/lib/python3.6/site-packages/transformers/tokenization_utils_base.py", line 1602, in from_pretrained
    resolved_vocab_files, pretrained_model_name_or_path, init_configuration, *init_inputs, **kwargs
  File "/data1/anaconda3/lib/python3.6/site-packages/transformers/tokenization_utils_base.py", line 1674, in _from_pretrained
    tokenizer = cls(*init_inputs, **init_kwargs)
TypeError: __init__() got an unexpected keyword argument 'name_or_path'
/data1/anaconda3/lib/python3.6/site-packages/tensorboard/compat/tensorflow_stub/dtypes.py:541: FutureWarning: Passing (type, 1) or '1type' as a synonym of type is deprecated; in a future version of numpy, it will be understood as (type, (1,)) / '(1,)type'.
  _np_qint8 = np.dtype([("qint8", np.int8, 1)])
/data1/anaconda3/lib/python3.6/site-packages/tensorboard/compat/tensorflow_stub/dtypes.py:542: FutureWarning: Passing (type, 1) or '1type' as a synonym of type is deprecated; in a future version of numpy, it will be understood as (type, (1,)) / '(1,)type'.
  _np_quint8 = np.dtype([("quint8", np.uint8, 1)])
/data1/anaconda3/lib/python3.6/site-packages/tensorboard/compat/tensorflow_stub/dtypes.py:543: FutureWarning: Passing (type, 1) or '1type' as a synonym of type is deprecated; in a future version of numpy, it will be understood as (type, (1,)) / '(1,)type'.
  _np_qint16 = np.dtype([("qint16", np.int16, 1)])
/data1/anaconda3/lib/python3.6/site-packages/tensorboard/compat/tensorflow_stub/dtypes.py:544: FutureWarning: Passing (type, 1) or '1type' as a synonym of type is deprecated; in a future version of numpy, it will be understood as (type, (1,)) / '(1,)type'.
  _np_quint16 = np.dtype([("quint16", np.uint16, 1)])
/data1/anaconda3/lib/python3.6/site-packages/tensorboard/compat/tensorflow_stub/dtypes.py:545: FutureWarning: Passing (type, 1) or '1type' as a synonym of type is deprecated; in a future version of numpy, it will be understood as (type, (1,)) / '(1,)type'.
  _np_qint32 = np.dtype([("qint32", np.int32, 1)])
/data1/anaconda3/lib/python3.6/site-packages/tensorboard/compat/tensorflow_stub/dtypes.py:550: FutureWarning: Passing (type, 1) or '1type' as a synonym of type is deprecated; in a future version of numpy, it will be understood as (type, (1,)) / '(1,)type'.
  np_resource = np.dtype([("resource", np.ubyte, 1)])
11/05/2020 16:24:00-WARNING-root- Process rank: -1,device: cuda ,n_gpus: 10,distributed training: False,16-bits training: False
Calling CNerTokenizer.from_pretrained() with the path to a single file or url is deprecated
Traceback (most recent call last):
  File "run_ner_crf.py", line 566, in <module>
    main()
  File "run_ner_crf.py", line 471, in main
    do_lower_case=args.do_lower_case,cache_dir=args.cache_dir if args.cache_dir else None
  File "/data1/anaconda3/lib/python3.6/site-packages/transformers/tokenization_utils_base.py", line 1602, in from_pretrained
    resolved_vocab_files, pretrained_model_name_or_path, init_configuration, *init_inputs, **kwargs
  File "/data1/anaconda3/lib/python3.6/site-packages/transformers/tokenization_utils_base.py", line 1674, in _from_pretrained
    tokenizer = cls(*init_inputs, **init_kwargs)
TypeError: __init__() got an unexpected keyword argument 'name_or_path'
/data1/anaconda3/lib/python3.6/site-packages/tensorboard/compat/tensorflow_stub/dtypes.py:541: FutureWarning: Passing (type, 1) or '1type' as a synonym of type is deprecated; in a future version of numpy, it will be understood as (type, (1,)) / '(1,)type'.
  _np_qint8 = np.dtype([("qint8", np.int8, 1)])
/data1/anaconda3/lib/python3.6/site-packages/tensorboard/compat/tensorflow_stub/dtypes.py:542: FutureWarning: Passing (type, 1) or '1type' as a synonym of type is deprecated; in a future version of numpy, it will be understood as (type, (1,)) / '(1,)type'.
  _np_quint8 = np.dtype([("quint8", np.uint8, 1)])
/data1/anaconda3/lib/python3.6/site-packages/tensorboard/compat/tensorflow_stub/dtypes.py:543: FutureWarning: Passing (type, 1) or '1type' as a synonym of type is deprecated; in a future version of numpy, it will be understood as (type, (1,)) / '(1,)type'.
  _np_qint16 = np.dtype([("qint16", np.int16, 1)])
/data1/anaconda3/lib/python3.6/site-packages/tensorboard/compat/tensorflow_stub/dtypes.py:544: FutureWarning: Passing (type, 1) or '1type' as a synonym of type is deprecated; in a future version of numpy, it will be understood as (type, (1,)) / '(1,)type'.
  _np_quint16 = np.dtype([("quint16", np.uint16, 1)])
/data1/anaconda3/lib/python3.6/site-packages/tensorboard/compat/tensorflow_stub/dtypes.py:545: FutureWarning: Passing (type, 1) or '1type' as a synonym of type is deprecated; in a future version of numpy, it will be understood as (type, (1,)) / '(1,)type'.
  _np_qint32 = np.dtype([("qint32", np.int32, 1)])
/data1/anaconda3/lib/python3.6/site-packages/tensorboard/compat/tensorflow_stub/dtypes.py:550: FutureWarning: Passing (type, 1) or '1type' as a synonym of type is deprecated; in a future version of numpy, it will be understood as (type, (1,)) / '(1,)type'.
  np_resource = np.dtype([("resource", np.ubyte, 1)])
11/05/2020 16:24:00-WARNING-root- Process rank: -1,device: cuda ,n_gpus: 10,distributed training: False,16-bits training: False
Calling CNerTokenizer.from_pretrained() with the path to a single file or url is deprecated
Traceback (most recent call last):
  File "run_ner_crf.py", line 566, in <module>
    main()
  File "run_ner_crf.py", line 471, in main
    do_lower_case=args.do_lower_case,cache_dir=args.cache_dir if args.cache_dir else None
  File "/data1/anaconda3/lib/python3.6/site-packages/transformers/tokenization_utils_base.py", line 1602, in from_pretrained
    resolved_vocab_files, pretrained_model_name_or_path, init_configuration, *init_inputs, **kwargs
  File "/data1/anaconda3/lib/python3.6/site-packages/transformers/tokenization_utils_base.py", line 1674, in _from_pretrained
    tokenizer = cls(*init_inputs, **init_kwargs)
TypeError: __init__() got an unexpected keyword argument 'name_or_path'
/data1/anaconda3/lib/python3.6/site-packages/tensorboard/compat/tensorflow_stub/dtypes.py:541: FutureWarning: Passing (type, 1) or '1type' as a synonym of type is deprecated; in a future version of numpy, it will be understood as (type, (1,)) / '(1,)type'.
  _np_qint8 = np.dtype([("qint8", np.int8, 1)])
/data1/anaconda3/lib/python3.6/site-packages/tensorboard/compat/tensorflow_stub/dtypes.py:542: FutureWarning: Passing (type, 1) or '1type' as a synonym of type is deprecated; in a future version of numpy, it will be understood as (type, (1,)) / '(1,)type'.
  _np_quint8 = np.dtype([("quint8", np.uint8, 1)])
/data1/anaconda3/lib/python3.6/site-packages/tensorboard/compat/tensorflow_stub/dtypes.py:543: FutureWarning: Passing (type, 1) or '1type' as a synonym of type is deprecated; in a future version of numpy, it will be understood as (type, (1,)) / '(1,)type'.
  _np_qint16 = np.dtype([("qint16", np.int16, 1)])
/data1/anaconda3/lib/python3.6/site-packages/tensorboard/compat/tensorflow_stub/dtypes.py:544: FutureWarning: Passing (type, 1) or '1type' as a synonym of type is deprecated; in a future version of numpy, it will be understood as (type, (1,)) / '(1,)type'.
  _np_quint16 = np.dtype([("quint16", np.uint16, 1)])
/data1/anaconda3/lib/python3.6/site-packages/tensorboard/compat/tensorflow_stub/dtypes.py:545: FutureWarning: Passing (type, 1) or '1type' as a synonym of type is deprecated; in a future version of numpy, it will be understood as (type, (1,)) / '(1,)type'.
  _np_qint32 = np.dtype([("qint32", np.int32, 1)])
/data1/anaconda3/lib/python3.6/site-packages/tensorboard/compat/tensorflow_stub/dtypes.py:550: FutureWarning: Passing (type, 1) or '1type' as a synonym of type is deprecated; in a future version of numpy, it will be understood as (type, (1,)) / '(1,)type'.
  np_resource = np.dtype([("resource", np.ubyte, 1)])
11/05/2020 16:24:06-WARNING-root- Process rank: -1,device: cuda ,n_gpus: 10,distributed training: False,16-bits training: False
Calling CNerTokenizer.from_pretrained() with the path to a single file or url is deprecated
Traceback (most recent call last):
  File "run_ner_crf.py", line 566, in <module>
    main()
  File "run_ner_crf.py", line 471, in main
    do_lower_case=args.do_lower_case,cache_dir=args.cache_dir if args.cache_dir else None
  File "/data1/anaconda3/lib/python3.6/site-packages/transformers/tokenization_utils_base.py", line 1602, in from_pretrained
    resolved_vocab_files, pretrained_model_name_or_path, init_configuration, *init_inputs, **kwargs
  File "/data1/anaconda3/lib/python3.6/site-packages/transformers/tokenization_utils_base.py", line 1674, in _from_pretrained
    tokenizer = cls(*init_inputs, **init_kwargs)
TypeError: __init__() got an unexpected keyword argument 'name_or_path'
