Process rank: -1,device: cpu ,n_gpus: 0,distributed training: False,16-bits training: False
loading configuration file /Users/jy/study_code/ner_tf/ner_cner_diy/bert-base/bert_config.json
Model config BertConfig {
  "attention_probs_dropout_prob": 0.1,
  "directionality": "bidi",
  "gradient_checkpointing": false,
  "hidden_act": "gelu",
  "hidden_dropout_prob": 0.1,
  "hidden_size": 768,
  "id2label": {
    "0": "LABEL_0",
    "1": "LABEL_1",
    "2": "LABEL_2",
    "3": "LABEL_3",
    "4": "LABEL_4",
    "5": "LABEL_5",
    "6": "LABEL_6",
    "7": "LABEL_7",
    "8": "LABEL_8",
    "9": "LABEL_9",
    "10": "LABEL_10",
    "11": "LABEL_11",
    "12": "LABEL_12",
    "13": "LABEL_13",
    "14": "LABEL_14",
    "15": "LABEL_15",
    "16": "LABEL_16",
    "17": "LABEL_17",
    "18": "LABEL_18",
    "19": "LABEL_19",
    "20": "LABEL_20",
    "21": "LABEL_21",
    "22": "LABEL_22"
  },
  "initializer_range": 0.02,
  "intermediate_size": 3072,
  "label2id": {
    "LABEL_0": 0,
    "LABEL_1": 1,
    "LABEL_10": 10,
    "LABEL_11": 11,
    "LABEL_12": 12,
    "LABEL_13": 13,
    "LABEL_14": 14,
    "LABEL_15": 15,
    "LABEL_16": 16,
    "LABEL_17": 17,
    "LABEL_18": 18,
    "LABEL_19": 19,
    "LABEL_2": 2,
    "LABEL_20": 20,
    "LABEL_21": 21,
    "LABEL_22": 22,
    "LABEL_3": 3,
    "LABEL_4": 4,
    "LABEL_5": 5,
    "LABEL_6": 6,
    "LABEL_7": 7,
    "LABEL_8": 8,
    "LABEL_9": 9
  },
  "layer_norm_eps": 1e-12,
  "max_position_embeddings": 512,
  "model_type": "bert",
  "num_attention_heads": 12,
  "num_hidden_layers": 12,
  "pad_token_id": 0,
  "pooler_fc_size": 768,
  "pooler_num_attention_heads": 12,
  "pooler_num_fc_layers": 3,
  "pooler_size_per_head": 128,
  "pooler_type": "first_token_transform",
  "type_vocab_size": 2,
  "vocab_size": 21128
}

Model name '/Users/jy/study_code/ner_tf/ner_cner_diy/bert-base/vocab.txt' not found in model shortcut name list (bert-base-uncased, bert-large-uncased, bert-base-cased, bert-large-cased, bert-base-multilingual-uncased, bert-base-multilingual-cased, bert-base-chinese, bert-base-german-cased, bert-large-uncased-whole-word-masking, bert-large-cased-whole-word-masking, bert-large-uncased-whole-word-masking-finetuned-squad, bert-large-cased-whole-word-masking-finetuned-squad, bert-base-cased-finetuned-mrpc, bert-base-german-dbmdz-cased, bert-base-german-dbmdz-uncased, TurkuNLP/bert-base-finnish-cased-v1, TurkuNLP/bert-base-finnish-uncased-v1, wietsedv/bert-base-dutch-cased). Assuming '/Users/jy/study_code/ner_tf/ner_cner_diy/bert-base/vocab.txt' is a path, a model identifier, or url to a directory containing tokenizer files.
Calling CNerTokenizer.from_pretrained() with the path to a single file or url is deprecated
loading file /Users/jy/study_code/ner_tf/ner_cner_diy/bert-base/vocab.txt
loading weights file /Users/jy/study_code/ner_tf/ner_cner_diy/bert-base/pytorch_model.bin
Some weights of the model checkpoint at /Users/jy/study_code/ner_tf/ner_cner_diy/bert-base were not used when initializing BertCrfForNer: ['cls.predictions.bias', 'cls.predictions.transform.dense.weight', 'cls.predictions.transform.dense.bias', 'cls.predictions.transform.LayerNorm.weight', 'cls.predictions.transform.LayerNorm.bias', 'cls.predictions.decoder.weight', 'cls.seq_relationship.weight', 'cls.seq_relationship.bias']
- This IS expected if you are initializing BertCrfForNer from the checkpoint of a model trained on another task or with another architecture (e.g. initializing a BertForSequenceClassification model from a BertForPretraining model).
- This IS NOT expected if you are initializing BertCrfForNer from the checkpoint of a model that you expect to be exactly identical (initializing a BertForSequenceClassification model from a BertForSequenceClassification model).
Some weights of BertCrfForNer were not initialized from the model checkpoint at /Users/jy/study_code/ner_tf/ner_cner_diy/bert-base and are newly initialized: ['classifier.weight', 'classifier.bias', 'crf.start_transitions', 'crf.end_transitions', 'crf.transitions']
You should probably TRAIN this model on a down-stream task to be able to use it for predictions and inference.
Training/evaluation parameters Namespace(adam_epsilon=1e-08, adv_epsilon=1.0, adv_name='word_embeddings', cache_dir='', config_name='/Users/jy/study_code/ner_tf/ner_cner_diy/bert-base/bert_config.json', crf_learning_rate=0.001, data_dir='/Users/jy/study_code/ner_tf/ner_cner_diy/data/cner/', device=device(type='cpu'), do_adv=False, do_eval=True, do_lower_case=True, do_predict=False, do_train=True, eval_all_checkpoints=False, eval_max_seq_length=512, evaluate_during_training=False, fp16=False, fp16_opt_leval='01', gradient_accumulation_steps=1, id2label={0: 'X', 1: 'B-CONT', 2: 'B-EDU', 3: 'B-LOC', 4: 'B-NAME', 5: 'B-ORG', 6: 'B-PRO', 7: 'B-RACE', 8: 'B-TITLE', 9: 'I-CONT', 10: 'I-EDU', 11: 'I-LOC', 12: 'I-NAME', 13: 'I-ORG', 14: 'I-PRO', 15: 'I-RACE', 16: 'I-TITLE', 17: 'O', 18: 'S-NAME', 19: 'S-ORG', 20: 'S-RACE', 21: '[START]', 22: '[END]'}, label2id={'X': 0, 'B-CONT': 1, 'B-EDU': 2, 'B-LOC': 3, 'B-NAME': 4, 'B-ORG': 5, 'B-PRO': 6, 'B-RACE': 7, 'B-TITLE': 8, 'I-CONT': 9, 'I-EDU': 10, 'I-LOC': 11, 'I-NAME': 12, 'I-ORG': 13, 'I-PRO': 14, 'I-RACE': 15, 'I-TITLE': 16, 'O': 17, 'S-NAME': 18, 'S-ORG': 19, 'S-RACE': 20, '[START]': 21, '[END]': 22}, learning_rate=3e-05, local_rank=-1, logging_steps=448, loss_type='ce', markup='bios', max_grad_norm=1.0, max_steps=-1, model_name_or_path='/Users/jy/study_code/ner_tf/ner_cner_diy/bert-base', model_type='bert', n_gpu=0, no_cuda=False, num_train_epochs=4.0, output_dir='/Users/jy/study_code/ner_tf/ner_cner_diy/outputs/cner_output/bert', overwrite_cache=False, overwrite_output_dir=True, per_gpu_eval_batch_size=24, per_gpu_train_batch_size=24, predict_checkpoints=0, save_steps=448, seed=42, server_ip='', server_port='', task_name='cner', tokenizer_name='/Users/jy/study_code/ner_tf/ner_cner_diy/bert-base/vocab.txt', train_max_seq_length=128, warmup_proportion=0.1, weight_decay=0.01)
Loading features from cache file /Users/jy/study_code/ner_tf/ner_cner_diy/data/cner/cache_crf-train_bert-base_128_cner
